ApplicazioneUfficialeTMPet/app/build/intermediates/manifest_merge_blame_file/debug/manifest-merger-blame-debug-report.txt
1<?xml version="1.0" encoding="utf-8"?>
2<manifest xmlns:android="http://schemas.android.com/apk/res/android"
3    package="com.ifts.applicazioneufficialetmpet"
4    android:versionCode="1"
5    android:versionName="1.0" >
6
7    <uses-sdk
8        android:minSdkVersion="19"
8-->src\main\AndroidManifest.xml
9        android:targetSdkVersion="29" />
9-->src\main\AndroidManifest.xml
10
11    <uses-permission android:name="android.permission.INTERNET" />
11-->src\main\AndroidManifest.xml:5:5-67
11-->src\main\AndroidManifest.xml:5:22-64
12    <uses-permission android:name="android.permission.READ_EXTERNAL_STORAGE" />
12-->src\main\AndroidManifest.xml:6:5-80
12-->src\main\AndroidManifest.xml:6:22-77
13    <uses-permission android:name="android.permission.WRITE_EXTERNAL_STORAGE" />
13-->src\main\AndroidManifest.xml:7:5-81
13-->src\main\AndroidManifest.xml:7:22-78
14    <uses-permission android:name="android.permission.ACCESS_NETWORK_STATE" />
14-->[com.firebaseui:firebase-ui-auth:6.2.0] AndroidManifest.xml:12:5-79
14-->[com.firebaseui:firebase-ui-auth:6.2.0] AndroidManifest.xml:12:22-76
15    <uses-permission android:name="android.permission.WAKE_LOCK" />
15-->[com.google.android.gms:play-services-measurement:17.2.2] AndroidManifest.xml:25:5-68
15-->[com.google.android.gms:play-services-measurement:17.2.2] AndroidManifest.xml:25:22-65
16    <uses-permission android:name="com.google.android.finsky.permission.BIND_GET_INSTALL_REFERRER_SERVICE" /> <!-- Required by older versions of Google Play services to create IID tokens -->
16-->[com.google.android.gms:play-services-measurement:17.2.2] AndroidManifest.xml:26:5-110
16-->[com.google.android.gms:play-services-measurement:17.2.2] AndroidManifest.xml:26:22-107
17    <uses-permission android:name="com.google.android.c2dm.permission.RECEIVE" />
17-->[com.google.firebase:firebase-iid:20.0.2] AndroidManifest.xml:26:5-82
17-->[com.google.firebase:firebase-iid:20.0.2] AndroidManifest.xml:26:22-79
18
19    <application
19-->src\main\AndroidManifest.xml:9:5-35:19
20        android:name="com.ifts.applicazioneufficialetmpet.retrofit.ApplicationWebService"
20-->src\main\AndroidManifest.xml:10:9-55
21        android:allowBackup="true"
21-->src\main\AndroidManifest.xml:11:9-35
22        android:appComponentFactory="androidx.core.app.CoreComponentFactory"
22-->[androidx.core:core:1.1.0] AndroidManifest.xml:24:18-86
23        android:debuggable="true"
24        android:icon="@mipmap/ic_launcher"
24-->src\main\AndroidManifest.xml:12:9-43
25        android:label="@string/app_name"
25-->src\main\AndroidManifest.xml:13:9-41
26        android:roundIcon="@mipmap/ic_launcher_logo_tmp_foreground"
26-->src\main\AndroidManifest.xml:14:9-68
27        android:supportsRtl="true"
27-->src\main\AndroidManifest.xml:15:9-35
28        android:testOnly="true"
29        android:theme="@style/AppTheme" >
29-->src\main\AndroidManifest.xml:16:9-40
30        <activity android:name="com.ifts.applicazioneufficialetmpet.NoteEditorActivity" />
30-->src\main\AndroidManifest.xml:17:9-56
30-->src\main\AndroidManifest.xml:17:19-53
31        <activity android:name="com.ifts.applicazioneufficialetmpet.CreateActivity" />
31-->src\main\AndroidManifest.xml:18:9-52
31-->src\main\AndroidManifest.xml:18:19-49
32        <activity android:name="com.ifts.applicazioneufficialetmpet.Activity_profilo" />
32-->src\main\AndroidManifest.xml:19:9-54
32-->src\main\AndroidManifest.xml:19:19-51
33        <activity android:name="com.ifts.applicazioneufficialetmpet.Activity_proprietario" />
33-->src\main\AndroidManifest.xml:20:9-59
33-->src\main\AndroidManifest.xml:20:19-56
34        <activity android:name="com.ifts.applicazioneufficialetmpet.Activity_petsitter" />
34-->src\main\AndroidManifest.xml:21:9-56
34-->src\main\AndroidManifest.xml:21:19-53
35        <activity android:name="com.ifts.applicazioneufficialetmpet.Activity_scelta_start" />
35-->src\main\AndroidManifest.xml:22:9-59
35-->src\main\AndroidManifest.xml:22:19-56
36        <activity android:name="com.ifts.applicazioneufficialetmpet.Activity_login" />
36-->src\main\AndroidManifest.xml:23:9-52
36-->src\main\AndroidManifest.xml:23:19-49
37        <activity android:name="com.ifts.applicazioneufficialetmpet.Activity_registrazione" />
37-->src\main\AndroidManifest.xml:24:9-60
37-->src\main\AndroidManifest.xml:24:19-57
38        <activity
38-->src\main\AndroidManifest.xml:25:9-27:59
39            android:name="com.theartofdev.edmodo.cropper.CropImageActivity"
39-->src\main\AndroidManifest.xml:26:13-76
40            android:theme="@style/Base.Theme.AppCompat" />
40-->src\main\AndroidManifest.xml:27:13-56
41        <activity android:name="com.ifts.applicazioneufficialetmpet.MainActivity" >
41-->src\main\AndroidManifest.xml:28:9-34:20
41-->src\main\AndroidManifest.xml:28:19-47
42            <intent-filter>
42-->src\main\AndroidManifest.xml:29:13-33:29
43                <action android:name="android.intent.action.MAIN" />
43-->src\main\AndroidManifest.xml:30:17-69
43-->src\main\AndroidManifest.xml:30:25-66
44
45                <category android:name="android.intent.category.LAUNCHER" />
45-->src\main\AndroidManifest.xml:32:17-77
45-->src\main\AndroidManifest.xml:32:27-74
46            </intent-filter>
47        </activity>
48
49        <meta-data
49-->[com.firebaseui:firebase-ui-auth:6.2.0] AndroidManifest.xml:16:9-18:69
50            android:name="com.google.android.gms.version"
50-->[com.firebaseui:firebase-ui-auth:6.2.0] AndroidManifest.xml:17:13-58
51            android:value="@integer/google_play_services_version" />
51-->[com.firebaseui:firebase-ui-auth:6.2.0] AndroidManifest.xml:18:13-66
52        <meta-data
52-->[com.firebaseui:firebase-ui-auth:6.2.0] AndroidManifest.xml:19:9-21:63
53            android:name="com.facebook.sdk.ApplicationId"
53-->[com.firebaseui:firebase-ui-auth:6.2.0] AndroidManifest.xml:20:13-58
54            android:value="@string/facebook_application_id" />
54-->[com.firebaseui:firebase-ui-auth:6.2.0] AndroidManifest.xml:21:13-60
55
56        <activity
56-->[com.firebaseui:firebase-ui-auth:6.2.0] AndroidManifest.xml:23:9-27:61
57            android:name="com.firebase.ui.auth.KickoffActivity"
57-->[com.firebaseui:firebase-ui-auth:6.2.0] AndroidManifest.xml:24:13-64
58            android:exported="false"
58-->[com.firebaseui:firebase-ui-auth:6.2.0] AndroidManifest.xml:25:13-37
59            android:label=""
59-->[com.firebaseui:firebase-ui-auth:6.2.0] AndroidManifest.xml:26:13-29
60            android:theme="@style/FirebaseUI.Transparent" />
60-->[com.firebaseui:firebase-ui-auth:6.2.0] AndroidManifest.xml:27:13-58
61        <activity
61-->[com.firebaseui:firebase-ui-auth:6.2.0] AndroidManifest.xml:28:9-32:61
62            android:name="com.firebase.ui.auth.ui.idp.SingleSignInActivity"
62-->[com.firebaseui:firebase-ui-auth:6.2.0] AndroidManifest.xml:29:13-76
63            android:exported="false"
63-->[com.firebaseui:firebase-ui-auth:6.2.0] AndroidManifest.xml:30:13-37
64            android:label=""
64-->[com.firebaseui:firebase-ui-auth:6.2.0] AndroidManifest.xml:31:13-29
65            android:theme="@style/FirebaseUI.Transparent" />
65-->[com.firebaseui:firebase-ui-auth:6.2.0] AndroidManifest.xml:32:13-58
66        <activity
66-->[com.firebaseui:firebase-ui-auth:6.2.0] AndroidManifest.xml:33:9-37:61
67            android:name="com.firebase.ui.auth.ui.credentials.CredentialSaveActivity"
67-->[com.firebaseui:firebase-ui-auth:6.2.0] AndroidManifest.xml:34:13-86
68            android:exported="false"
68-->[com.firebaseui:firebase-ui-auth:6.2.0] AndroidManifest.xml:35:13-37
69            android:label=""
69-->[com.firebaseui:firebase-ui-auth:6.2.0] AndroidManifest.xml:36:13-29
70            android:theme="@style/FirebaseUI.Transparent" />
70-->[com.firebaseui:firebase-ui-auth:6.2.0] AndroidManifest.xml:37:13-58
71        <activity
71-->[com.firebaseui:firebase-ui-auth:6.2.0] AndroidManifest.xml:38:9-42:58
72            android:name="com.firebase.ui.auth.ui.email.RecoverPasswordActivity"
72-->[com.firebaseui:firebase-ui-auth:6.2.0] AndroidManifest.xml:39:13-81
73            android:exported="false"
73-->[com.firebaseui:firebase-ui-auth:6.2.0] AndroidManifest.xml:40:13-37
74            android:label="@string/fui_title_recover_password_activity"
74-->[com.firebaseui:firebase-ui-auth:6.2.0] AndroidManifest.xml:41:13-72
75            android:windowSoftInputMode="adjustResize" />
75-->[com.firebaseui:firebase-ui-auth:6.2.0] AndroidManifest.xml:42:13-55
76        <activity
76-->[com.firebaseui:firebase-ui-auth:6.2.0] AndroidManifest.xml:43:9-47:58
77            android:name="com.firebase.ui.auth.ui.email.EmailActivity"
77-->[com.firebaseui:firebase-ui-auth:6.2.0] AndroidManifest.xml:44:13-71
78            android:exported="false"
78-->[com.firebaseui:firebase-ui-auth:6.2.0] AndroidManifest.xml:45:13-37
79            android:label="@string/fui_sign_in_default"
79-->[com.firebaseui:firebase-ui-auth:6.2.0] AndroidManifest.xml:46:13-56
80            android:windowSoftInputMode="adjustResize" />
80-->[com.firebaseui:firebase-ui-auth:6.2.0] AndroidManifest.xml:47:13-55
81        <activity
81-->[com.firebaseui:firebase-ui-auth:6.2.0] AndroidManifest.xml:48:9-52:77
82            android:name="com.firebase.ui.auth.ui.phone.PhoneActivity"
82-->[com.firebaseui:firebase-ui-auth:6.2.0] AndroidManifest.xml:49:13-71
83            android:exported="false"
83-->[com.firebaseui:firebase-ui-auth:6.2.0] AndroidManifest.xml:50:13-37
84            android:label="@string/fui_sign_in_with_phone_number"
84-->[com.firebaseui:firebase-ui-auth:6.2.0] AndroidManifest.xml:51:13-66
85            android:windowSoftInputMode="adjustResize|stateAlwaysVisible" />
85-->[com.firebaseui:firebase-ui-auth:6.2.0] AndroidManifest.xml:52:13-74
86        <activity
86-->[com.firebaseui:firebase-ui-auth:6.2.0] AndroidManifest.xml:53:9-57:58
87            android:name="com.firebase.ui.auth.ui.idp.WelcomeBackIdpPrompt"
87-->[com.firebaseui:firebase-ui-auth:6.2.0] AndroidManifest.xml:54:13-76
88            android:exported="false"
88-->[com.firebaseui:firebase-ui-auth:6.2.0] AndroidManifest.xml:55:13-37
89            android:label="@string/fui_title_welcome_back_idp_prompt"
89-->[com.firebaseui:firebase-ui-auth:6.2.0] AndroidManifest.xml:56:13-70
90            android:windowSoftInputMode="adjustResize" />
90-->[com.firebaseui:firebase-ui-auth:6.2.0] AndroidManifest.xml:57:13-55
91        <activity
91-->[com.firebaseui:firebase-ui-auth:6.2.0] AndroidManifest.xml:58:9-62:58
92            android:name="com.firebase.ui.auth.ui.email.WelcomeBackPasswordPrompt"
92-->[com.firebaseui:firebase-ui-auth:6.2.0] AndroidManifest.xml:59:13-83
93            android:exported="false"
93-->[com.firebaseui:firebase-ui-auth:6.2.0] AndroidManifest.xml:60:13-37
94            android:label="@string/fui_title_welcome_back_password_prompt"
94-->[com.firebaseui:firebase-ui-auth:6.2.0] AndroidManifest.xml:61:13-75
95            android:windowSoftInputMode="adjustResize" />
95-->[com.firebaseui:firebase-ui-auth:6.2.0] AndroidManifest.xml:62:13-55
96        <activity
96-->[com.firebaseui:firebase-ui-auth:6.2.0] AndroidManifest.xml:63:9-67:58
97            android:name="com.firebase.ui.auth.ui.email.WelcomeBackEmailLinkPrompt"
97-->[com.firebaseui:firebase-ui-auth:6.2.0] AndroidManifest.xml:64:13-84
98            android:exported="false"
98-->[com.firebaseui:firebase-ui-auth:6.2.0] AndroidManifest.xml:65:13-37
99            android:label="@string/fui_title_welcome_back_password_prompt"
99-->[com.firebaseui:firebase-ui-auth:6.2.0] AndroidManifest.xml:66:13-75
100            android:windowSoftInputMode="adjustResize" />
100-->[com.firebaseui:firebase-ui-auth:6.2.0] AndroidManifest.xml:67:13-55
101        <activity
101-->[com.firebaseui:firebase-ui-auth:6.2.0] AndroidManifest.xml:68:9-73:58
102            android:name="com.firebase.ui.auth.ui.email.EmailLinkCatcherActivity"
102-->[com.firebaseui:firebase-ui-auth:6.2.0] AndroidManifest.xml:69:13-82
103            android:exported="false"
103-->[com.firebaseui:firebase-ui-auth:6.2.0] AndroidManifest.xml:70:13-37
104            android:label=""
104-->[com.firebaseui:firebase-ui-auth:6.2.0] AndroidManifest.xml:71:13-29
105            android:theme="@style/FirebaseUI.Transparent"
105-->[com.firebaseui:firebase-ui-auth:6.2.0] AndroidManifest.xml:72:13-58
106            android:windowSoftInputMode="adjustResize" />
106-->[com.firebaseui:firebase-ui-auth:6.2.0] AndroidManifest.xml:73:13-55
107        <activity
107-->[com.firebaseui:firebase-ui-auth:6.2.0] AndroidManifest.xml:74:9-78:58
108            android:name="com.firebase.ui.auth.ui.email.EmailLinkErrorRecoveryActivity"
108-->[com.firebaseui:firebase-ui-auth:6.2.0] AndroidManifest.xml:75:13-88
109            android:exported="false"
109-->[com.firebaseui:firebase-ui-auth:6.2.0] AndroidManifest.xml:76:13-37
110            android:label="@string/fui_sign_in_default"
110-->[com.firebaseui:firebase-ui-auth:6.2.0] AndroidManifest.xml:77:13-56
111            android:windowSoftInputMode="adjustResize" />
111-->[com.firebaseui:firebase-ui-auth:6.2.0] AndroidManifest.xml:78:13-55
112        <activity
112-->[com.firebaseui:firebase-ui-auth:6.2.0] AndroidManifest.xml:79:9-82:65
113            android:name="com.firebase.ui.auth.ui.idp.AuthMethodPickerActivity"
113-->[com.firebaseui:firebase-ui-auth:6.2.0] AndroidManifest.xml:80:13-80
114            android:exported="false"
114-->[com.firebaseui:firebase-ui-auth:6.2.0] AndroidManifest.xml:81:13-37
115            android:label="@string/fui_default_toolbar_title" />
115-->[com.firebaseui:firebase-ui-auth:6.2.0] AndroidManifest.xml:82:13-62
116        <activity
116-->[com.firebaseui:firebase-ui-auth:6.2.0] AndroidManifest.xml:83:9-87:48
117            android:name="com.facebook.FacebookActivity"
117-->[com.firebaseui:firebase-ui-auth:6.2.0] AndroidManifest.xml:84:13-57
118            android:configChanges="keyboard|keyboardHidden|screenLayout|screenSize|orientation"
118-->[com.firebaseui:firebase-ui-auth:6.2.0] AndroidManifest.xml:85:13-96
119            android:label="@string/app_name" />
119-->[com.firebaseui:firebase-ui-auth:6.2.0] AndroidManifest.xml:86:13-45
120        <activity
120-->[com.firebaseui:firebase-ui-auth:6.2.0] AndroidManifest.xml:88:9-100:20
121            android:name="com.facebook.CustomTabActivity"
121-->[com.firebaseui:firebase-ui-auth:6.2.0] AndroidManifest.xml:89:13-58
122            android:exported="true" >
122-->[com.firebaseui:firebase-ui-auth:6.2.0] AndroidManifest.xml:90:13-36
123            <intent-filter>
123-->[com.firebaseui:firebase-ui-auth:6.2.0] AndroidManifest.xml:92:13-99:29
124                <action android:name="android.intent.action.VIEW" />
124-->[com.firebaseui:firebase-ui-auth:6.2.0] AndroidManifest.xml:93:17-69
124-->[com.firebaseui:firebase-ui-auth:6.2.0] AndroidManifest.xml:93:25-66
125
126                <category android:name="android.intent.category.DEFAULT" />
126-->[com.firebaseui:firebase-ui-auth:6.2.0] AndroidManifest.xml:95:17-76
126-->[com.firebaseui:firebase-ui-auth:6.2.0] AndroidManifest.xml:95:27-73
127                <category android:name="android.intent.category.BROWSABLE" />
127-->[com.firebaseui:firebase-ui-auth:6.2.0] AndroidManifest.xml:96:17-78
127-->[com.firebaseui:firebase-ui-auth:6.2.0] AndroidManifest.xml:96:27-75
128
129                <data android:scheme="@string/facebook_login_protocol_scheme" />
129-->[com.firebaseui:firebase-ui-auth:6.2.0] AndroidManifest.xml:98:17-81
129-->[com.firebaseui:firebase-ui-auth:6.2.0] AndroidManifest.xml:98:23-78
130            </intent-filter>
131        </activity>
132
133        <provider
133-->[com.firebaseui:firebase-ui-auth:6.2.0] AndroidManifest.xml:102:9-106:38
134            android:name="com.firebase.ui.auth.data.client.AuthUiInitProvider"
134-->[com.firebaseui:firebase-ui-auth:6.2.0] AndroidManifest.xml:103:13-79
135            android:authorities="com.ifts.applicazioneufficialetmpet.authuiinitprovider"
135-->[com.firebaseui:firebase-ui-auth:6.2.0] AndroidManifest.xml:104:13-70
136            android:exported="false"
136-->[com.firebaseui:firebase-ui-auth:6.2.0] AndroidManifest.xml:105:13-37
137            android:initOrder="90" />
137-->[com.firebaseui:firebase-ui-auth:6.2.0] AndroidManifest.xml:106:13-35
138
139        <activity
139-->[pub.devrel:easypermissions:0.4.0] AndroidManifest.xml:12:9-16:66
140            android:name="pub.devrel.easypermissions.AppSettingsDialogHolderActivity"
140-->[pub.devrel:easypermissions:0.4.0] AndroidManifest.xml:13:13-86
141            android:exported="false"
141-->[pub.devrel:easypermissions:0.4.0] AndroidManifest.xml:14:13-37
142            android:label=""
142-->[pub.devrel:easypermissions:0.4.0] AndroidManifest.xml:15:13-29
143            android:theme="@style/EasyPermissions.Transparent" />
143-->[pub.devrel:easypermissions:0.4.0] AndroidManifest.xml:16:13-63
144        <activity
144-->[com.google.firebase:firebase-auth:19.2.0] AndroidManifest.xml:24:9-31:50
145            android:name="com.google.firebase.auth.internal.FederatedSignInActivity"
145-->[com.google.firebase:firebase-auth:19.2.0] AndroidManifest.xml:25:13-85
146            android:excludeFromRecents="true"
146-->[com.google.firebase:firebase-auth:19.2.0] AndroidManifest.xml:26:13-46
147            android:exported="true"
147-->[com.google.firebase:firebase-auth:19.2.0] AndroidManifest.xml:27:13-36
148            android:launchMode="singleTask"
148-->[com.google.firebase:firebase-auth:19.2.0] AndroidManifest.xml:28:13-44
149            android:permission="com.google.firebase.auth.api.gms.permission.LAUNCH_FEDERATED_SIGN_IN"
149-->[com.google.firebase:firebase-auth:19.2.0] AndroidManifest.xml:29:13-102
150            android:theme="@android:style/Theme.Translucent.NoTitleBar" />
150-->[com.google.firebase:firebase-auth:19.2.0] AndroidManifest.xml:30:13-72
151
152        <service
152-->[com.google.firebase:firebase-auth:19.2.0] AndroidManifest.xml:33:9-39:19
153            android:name="com.google.firebase.components.ComponentDiscoveryService"
153-->[com.google.firebase:firebase-auth:19.2.0] AndroidManifest.xml:34:13-84
154            android:directBootAware="true"
154-->[com.google.firebase:firebase-common:19.3.0] AndroidManifest.xml:34:13-43
155            android:exported="false" >
155-->[com.google.firebase:firebase-auth:19.2.0] AndroidManifest.xml:35:13-37
156            <meta-data
156-->[com.google.firebase:firebase-auth:19.2.0] AndroidManifest.xml:36:13-38:85
157                android:name="com.google.firebase.components:com.google.firebase.auth.FirebaseAuthRegistrar"
157-->[com.google.firebase:firebase-auth:19.2.0] AndroidManifest.xml:37:17-109
158                android:value="com.google.firebase.components.ComponentRegistrar" />
158-->[com.google.firebase:firebase-auth:19.2.0] AndroidManifest.xml:38:17-82
159            <meta-data
159-->[com.google.firebase:firebase-database:19.2.0] AndroidManifest.xml:32:13-34:85
160                android:name="com.google.firebase.components:com.google.firebase.database.DatabaseRegistrar"
160-->[com.google.firebase:firebase-database:19.2.0] AndroidManifest.xml:33:17-109
161                android:value="com.google.firebase.components.ComponentRegistrar" />
161-->[com.google.firebase:firebase-database:19.2.0] AndroidManifest.xml:34:17-82
162            <meta-data
162-->[com.google.firebase:firebase-storage:19.1.0] AndroidManifest.xml:33:13-35:85
163                android:name="com.google.firebase.components:com.google.firebase.storage.StorageRegistrar"
163-->[com.google.firebase:firebase-storage:19.1.0] AndroidManifest.xml:34:17-107
164                android:value="com.google.firebase.components.ComponentRegistrar" />
164-->[com.google.firebase:firebase-storage:19.1.0] AndroidManifest.xml:35:17-82
165            <meta-data
165-->[com.google.android.gms:play-services-measurement-api:17.2.2] AndroidManifest.xml:30:13-32:85
166                android:name="com.google.firebase.components:com.google.firebase.analytics.connector.internal.AnalyticsConnectorRegistrar"
166-->[com.google.android.gms:play-services-measurement-api:17.2.2] AndroidManifest.xml:31:17-139
167                android:value="com.google.firebase.components.ComponentRegistrar" />
167-->[com.google.android.gms:play-services-measurement-api:17.2.2] AndroidManifest.xml:32:17-82
168            <meta-data
168-->[com.google.firebase:firebase-iid:20.0.2] AndroidManifest.xml:32:13-34:85
169                android:name="com.google.firebase.components:com.google.firebase.iid.Registrar"
169-->[com.google.firebase:firebase-iid:20.0.2] AndroidManifest.xml:33:17-96
170                android:value="com.google.firebase.components.ComponentRegistrar" />
170-->[com.google.firebase:firebase-iid:20.0.2] AndroidManifest.xml:34:17-82
171        </service>
172
173        <receiver
173-->[com.google.android.gms:play-services-measurement:17.2.2] AndroidManifest.xml:29:9-33:20
174            android:name="com.google.android.gms.measurement.AppMeasurementReceiver"
174-->[com.google.android.gms:play-services-measurement:17.2.2] AndroidManifest.xml:30:13-85
175            android:enabled="true"
175-->[com.google.android.gms:play-services-measurement:17.2.2] AndroidManifest.xml:31:13-35
176            android:exported="false" >
176-->[com.google.android.gms:play-services-measurement:17.2.2] AndroidManifest.xml:32:13-37
177        </receiver>
178        <receiver
178-->[com.google.android.gms:play-services-measurement:17.2.2] AndroidManifest.xml:34:9-42:20
179            android:name="com.google.android.gms.measurement.AppMeasurementInstallReferrerReceiver"
179-->[com.google.android.gms:play-services-measurement:17.2.2] AndroidManifest.xml:35:13-100
180            android:enabled="true"
180-->[com.google.android.gms:play-services-measurement:17.2.2] AndroidManifest.xml:36:13-35
181            android:exported="true"
181-->[com.google.android.gms:play-services-measurement:17.2.2] AndroidManifest.xml:37:13-36
182            android:permission="android.permission.INSTALL_PACKAGES" >
182-->[com.google.android.gms:play-services-measurement:17.2.2] AndroidManifest.xml:38:13-69
183            <intent-filter>
183-->[com.google.android.gms:play-services-measurement:17.2.2] AndroidManifest.xml:39:13-41:29
184                <action android:name="com.android.vending.INSTALL_REFERRER" />
184-->[com.google.android.gms:play-services-measurement:17.2.2] AndroidManifest.xml:40:17-79
184-->[com.google.android.gms:play-services-measurement:17.2.2] AndroidManifest.xml:40:25-76
185            </intent-filter>
186        </receiver>
187
188        <service
188-->[com.google.android.gms:play-services-measurement:17.2.2] AndroidManifest.xml:44:9-47:40
189            android:name="com.google.android.gms.measurement.AppMeasurementService"
189-->[com.google.android.gms:play-services-measurement:17.2.2] AndroidManifest.xml:45:13-84
190            android:enabled="true"
190-->[com.google.android.gms:play-services-measurement:17.2.2] AndroidManifest.xml:46:13-35
191            android:exported="false" />
191-->[com.google.android.gms:play-services-measurement:17.2.2] AndroidManifest.xml:47:13-37
192        <service
192-->[com.google.android.gms:play-services-measurement:17.2.2] AndroidManifest.xml:48:9-52:72
193            android:name="com.google.android.gms.measurement.AppMeasurementJobService"
193-->[com.google.android.gms:play-services-measurement:17.2.2] AndroidManifest.xml:49:13-87
194            android:enabled="true"
194-->[com.google.android.gms:play-services-measurement:17.2.2] AndroidManifest.xml:50:13-35
195            android:exported="false"
195-->[com.google.android.gms:play-services-measurement:17.2.2] AndroidManifest.xml:51:13-37
196            android:permission="android.permission.BIND_JOB_SERVICE" />
196-->[com.google.android.gms:play-services-measurement:17.2.2] AndroidManifest.xml:52:13-69
197
198        <receiver
198-->[com.google.firebase:firebase-iid:20.0.2] AndroidManifest.xml:37:9-44:20
199            android:name="com.google.firebase.iid.FirebaseInstanceIdReceiver"
199-->[com.google.firebase:firebase-iid:20.0.2] AndroidManifest.xml:38:13-78
200            android:exported="true"
200-->[com.google.firebase:firebase-iid:20.0.2] AndroidManifest.xml:39:13-36
201            android:permission="com.google.android.c2dm.permission.SEND" >
201-->[com.google.firebase:firebase-iid:20.0.2] AndroidManifest.xml:40:13-73
202            <intent-filter>
202-->[com.google.firebase:firebase-iid:20.0.2] AndroidManifest.xml:41:13-43:29
203                <action android:name="com.google.android.c2dm.intent.RECEIVE" />
203-->[com.google.firebase:firebase-iid:20.0.2] AndroidManifest.xml:42:17-81
203-->[com.google.firebase:firebase-iid:20.0.2] AndroidManifest.xml:42:25-78
204            </intent-filter>
205        </receiver>
206
207        <provider
207-->[androidx.lifecycle:lifecycle-process:2.2.0] AndroidManifest.xml:25:9-29:43
208            android:name="androidx.lifecycle.ProcessLifecycleOwnerInitializer"
208-->[androidx.lifecycle:lifecycle-process:2.2.0] AndroidManifest.xml:26:13-79
209            android:authorities="com.ifts.applicazioneufficialetmpet.lifecycle-process"
209-->[androidx.lifecycle:lifecycle-process:2.2.0] AndroidManifest.xml:27:13-69
210            android:exported="false"
210-->[androidx.lifecycle:lifecycle-process:2.2.0] AndroidManifest.xml:28:13-37
211            android:multiprocess="true" />
211-->[androidx.lifecycle:lifecycle-process:2.2.0] AndroidManifest.xml:29:13-40
212
213        <activity
213-->[com.google.android.gms:play-services-auth:17.0.0] AndroidManifest.xml:23:9-27:75
214            android:name="com.google.android.gms.auth.api.signin.internal.SignInHubActivity"
214-->[com.google.android.gms:play-services-auth:17.0.0] AndroidManifest.xml:24:13-93
215            android:excludeFromRecents="true"
215-->[com.google.android.gms:play-services-auth:17.0.0] AndroidManifest.xml:25:13-46
216            android:exported="false"
216-->[com.google.android.gms:play-services-auth:17.0.0] AndroidManifest.xml:26:13-37
217            android:theme="@android:style/Theme.Translucent.NoTitleBar" />
217-->[com.google.android.gms:play-services-auth:17.0.0] AndroidManifest.xml:27:13-72
218        <!--
219            Service handling Google Sign-In user revocation. For apps that do not integrate with
220            Google Sign-In, this service will never be started.
221        -->
222        <service
222-->[com.google.android.gms:play-services-auth:17.0.0] AndroidManifest.xml:33:9-36:110
223            android:name="com.google.android.gms.auth.api.signin.RevocationBoundService"
223-->[com.google.android.gms:play-services-auth:17.0.0] AndroidManifest.xml:34:13-89
224            android:exported="true"
224-->[com.google.android.gms:play-services-auth:17.0.0] AndroidManifest.xml:35:13-36
225            android:permission="com.google.android.gms.auth.api.signin.permission.REVOCATION_NOTIFICATION" />
225-->[com.google.android.gms:play-services-auth:17.0.0] AndroidManifest.xml:36:13-107
226
227        <provider
227-->[com.google.firebase:firebase-common:19.3.0] AndroidManifest.xml:26:9-30:39
228            android:name="com.google.firebase.provider.FirebaseInitProvider"
228-->[com.google.firebase:firebase-common:19.3.0] AndroidManifest.xml:27:13-77
229            android:authorities="com.ifts.applicazioneufficialetmpet.firebaseinitprovider"
229-->[com.google.firebase:firebase-common:19.3.0] AndroidManifest.xml:28:13-72
230            android:exported="false"
230-->[com.google.firebase:firebase-common:19.3.0] AndroidManifest.xml:29:13-37
231            android:initOrder="100" />
231-->[com.google.firebase:firebase-common:19.3.0] AndroidManifest.xml:30:13-36
232
233        <activity
233-->[com.google.android.gms:play-services-base:17.1.0] AndroidManifest.xml:23:9-26:75
234            android:name="com.google.android.gms.common.api.GoogleApiActivity"
234-->[com.google.android.gms:play-services-base:17.1.0] AndroidManifest.xml:24:13-79
235            android:exported="false"
235-->[com.google.android.gms:play-services-base:17.1.0] AndroidManifest.xml:25:13-37
236            android:theme="@android:style/Theme.Translucent.NoTitleBar" />
236-->[com.google.android.gms:play-services-base:17.1.0] AndroidManifest.xml:26:13-72
237    </application>
238
239</manifest>